<?xml version="1.0" encoding="UTF-8"?>
<dataset>
	<USERS id="1" first_name="Krista" last_name="Cancel" birthday="1999-07-27" />
	<USERS id="2" first_name="Happy Bark" last_name="Ramirez" birthday="2009-09-12 01:20:44.166" />
</dataset>
